<?xml version="1.0" encoding="UTF-8"?>
<testng-results skipped="0" failed="1" ignored="0" total="3" passed="2">
  <reporter-output>
  </reporter-output>
  <suite name="test" duration-ms="94128" started-at="2021-09-17T18:59:17 IST" finished-at="2021-09-17T19:00:52 IST">
    <groups>
    </groups>
    <test name="test" duration-ms="56390" started-at="2021-09-17T18:59:17 IST" finished-at="2021-09-17T19:00:14 IST">
      <class name="testcases.ValidationTest">
        <test-method status="PASS" signature="starting()[pri:0, instance:testcases.ValidationTest@821330f]" name="starting" is-config="true" duration-ms="38457" started-at="2021-09-17T18:59:17 IST" finished-at="2021-09-17T18:59:56 IST">
          <reporter-output>
          </reporter-output>
        </test-method> <!-- starting -->
        <test-method status="PASS" signature="searchBoxValidation()[pri:0, instance:testcases.ValidationTest@821330f]" name="searchBoxValidation" duration-ms="16641" started-at="2021-09-17T18:59:56 IST" finished-at="2021-09-17T19:00:13 IST">
          <reporter-output>
          </reporter-output>
        </test-method> <!-- searchBoxValidation -->
        <test-method status="PASS" signature="close()[pri:0, instance:testcases.ValidationTest@821330f]" name="close" is-config="true" duration-ms="1283" started-at="2021-09-17T19:00:13 IST" finished-at="2021-09-17T19:00:14 IST">
          <reporter-output>
          </reporter-output>
        </test-method> <!-- close -->
      </class> <!-- testcases.ValidationTest -->
    </test> <!-- test -->
    <test name="test2" duration-ms="56390" started-at="2021-09-17T18:59:17 IST" finished-at="2021-09-17T19:00:14 IST">
      <class name="testcases.ValidationTest1">
        <test-method status="PASS" signature="starting()[pri:0, instance:testcases.ValidationTest1@2f953efd]" name="starting" is-config="true" duration-ms="38276" started-at="2021-09-17T18:59:17 IST" finished-at="2021-09-17T18:59:56 IST">
          <reporter-output>
          </reporter-output>
        </test-method> <!-- starting -->
        <test-method status="PASS" signature="cartValidation()[pri:0, instance:testcases.ValidationTest1@2f953efd]" name="cartValidation" duration-ms="15154" started-at="2021-09-17T18:59:56 IST" finished-at="2021-09-17T19:00:11 IST">
          <reporter-output>
          </reporter-output>
        </test-method> <!-- cartValidation -->
        <test-method status="PASS" signature="close()[pri:0, instance:testcases.ValidationTest1@2f953efd]" name="close" is-config="true" duration-ms="2798" started-at="2021-09-17T19:00:11 IST" finished-at="2021-09-17T19:00:14 IST">
          <reporter-output>
          </reporter-output>
        </test-method> <!-- close -->
      </class> <!-- testcases.ValidationTest1 -->
    </test> <!-- test2 -->
    <test name="test3" duration-ms="94128" started-at="2021-09-17T18:59:17 IST" finished-at="2021-09-17T19:00:52 IST">
      <class name="testcases.TitleValidationTest">
        <test-method status="PASS" signature="opening()[pri:0, instance:testcases.TitleValidationTest@5a7fe64f]" name="opening" is-config="true" duration-ms="24755" started-at="2021-09-17T18:59:17 IST" finished-at="2021-09-17T18:59:42 IST">
          <reporter-output>
          </reporter-output>
        </test-method> <!-- opening -->
        <test-method status="FAIL" signature="test()[pri:0, instance:testcases.TitleValidationTest@5a7fe64f]" name="test" duration-ms="58074" started-at="2021-09-17T18:59:42 IST" finished-at="2021-09-17T19:00:40 IST">
          <exception class="java.lang.AssertionError">
            <message>
              <![CDATA[expected [ site in India: Shop Online for Mobiles, Books, Watches, Shoes and More - Amazon.in] but found [Online Shopping site in India: Shop Online for Mobiles, Books, Watches, Shoes and More - Amazon.in]]]>
            </message>
            <full-stacktrace>
              <![CDATA[java.lang.AssertionError: expected [ site in India: Shop Online for Mobiles, Books, Watches, Shoes and More - Amazon.in] but found [Online Shopping site in India: Shop Online for Mobiles, Books, Watches, Shoes and More - Amazon.in]
at org.testng.Assert.fail(Assert.java:99)
at org.testng.Assert.failNotEquals(Assert.java:1037)
at org.testng.Assert.assertEqualsImpl(Assert.java:140)
at org.testng.Assert.assertEquals(Assert.java:122)
at org.testng.Assert.assertEquals(Assert.java:629)
at org.testng.Assert.assertEquals(Assert.java:639)
at testcases.TitleValidationTest.test(TitleValidationTest.java:60)
at sun.reflect.NativeMethodAccessorImpl.invoke0(Native Method)
at sun.reflect.NativeMethodAccessorImpl.invoke(NativeMethodAccessorImpl.java:62)
at sun.reflect.DelegatingMethodAccessorImpl.invoke(DelegatingMethodAccessorImpl.java:43)
at java.lang.reflect.Method.invoke(Method.java:498)
at org.testng.internal.MethodInvocationHelper.invokeMethod(MethodInvocationHelper.java:133)
at org.testng.internal.TestInvoker.invokeMethod(TestInvoker.java:598)
at org.testng.internal.TestInvoker.invokeTestMethod(TestInvoker.java:173)
at org.testng.internal.MethodRunner.runInSequence(MethodRunner.java:46)
at org.testng.internal.TestInvoker$MethodInvocationAgent.invoke(TestInvoker.java:824)
at org.testng.internal.TestInvoker.invokeTestMethods(TestInvoker.java:146)
at org.testng.internal.TestMethodWorker.invokeTestMethods(TestMethodWorker.java:146)
at org.testng.internal.TestMethodWorker.run(TestMethodWorker.java:128)
at java.util.ArrayList.forEach(ArrayList.java:1259)
at org.testng.TestRunner.privateRun(TestRunner.java:794)
at org.testng.TestRunner.run(TestRunner.java:596)
at org.testng.SuiteRunner.runTest(SuiteRunner.java:377)
at org.testng.SuiteRunner.access$000(SuiteRunner.java:28)
at org.testng.SuiteRunner$SuiteWorker.run(SuiteRunner.java:418)
at org.testng.internal.thread.ThreadUtil.lambda$execute$0(ThreadUtil.java:64)
at java.util.concurrent.FutureTask.run(FutureTask.java:266)
at java.util.concurrent.ThreadPoolExecutor.runWorker(ThreadPoolExecutor.java:1149)
at java.util.concurrent.ThreadPoolExecutor$Worker.run(ThreadPoolExecutor.java:624)
at java.lang.Thread.run(Thread.java:748)
]]>
            </full-stacktrace>
          </exception> <!-- java.lang.AssertionError -->
          <reporter-output>
          </reporter-output>
        </test-method> <!-- test -->
        <test-method status="PASS" signature="close()[pri:0, instance:testcases.TitleValidationTest@5a7fe64f]" name="close" is-config="true" duration-ms="4190" started-at="2021-09-17T19:00:47 IST" finished-at="2021-09-17T19:00:52 IST">
          <reporter-output>
          </reporter-output>
        </test-method> <!-- close -->
      </class> <!-- testcases.TitleValidationTest -->
    </test> <!-- test3 -->
  </suite> <!-- test -->
</testng-results>
